/home/andres/agrobot/install/modelo_robot/lib/python3.10/site-packages/modelo_robot/__init__.py
/home/andres/agrobot/install/modelo_robot/lib/python3.10/site-packages/modelo_robot/__pycache__/__init__.cpython-310.pyc
/home/andres/agrobot/install/modelo_robot/share/ament_index/resource_index/packages/modelo_robot
/home/andres/agrobot/install/modelo_robot/share/modelo_robot/package.xml
/home/andres/agrobot/install/modelo_robot/share/modelo_robot/urdf/Ensamblaje_carro.urdf
/home/andres/agrobot/install/modelo_robot/share/modelo_robot/launch/gazebo.launch.py
/home/andres/agrobot/install/modelo_robot/share/modelo_robot/launch/display.launch.py
/home/andres/agrobot/install/modelo_robot/share/modelo_robot/meshes/rueda_der_delantera_link.STL
/home/andres/agrobot/install/modelo_robot/share/modelo_robot/meshes/rueda_izq_delantera_link.STL
/home/andres/agrobot/install/modelo_robot/share/modelo_robot/meshes/rueda_der_trasera_link.STL
/home/andres/agrobot/install/modelo_robot/share/modelo_robot/meshes/base_link.STL
/home/andres/agrobot/install/modelo_robot/share/modelo_robot/meshes/apersor_link.STL
/home/andres/agrobot/install/modelo_robot/share/modelo_robot/meshes/rueda_izq_trasera_link.STL
/home/andres/agrobot/install/modelo_robot/lib/python3.10/site-packages/modelo_robot-0.0.0-py3.10.egg-info/PKG-INFO
/home/andres/agrobot/install/modelo_robot/lib/python3.10/site-packages/modelo_robot-0.0.0-py3.10.egg-info/SOURCES.txt
/home/andres/agrobot/install/modelo_robot/lib/python3.10/site-packages/modelo_robot-0.0.0-py3.10.egg-info/zip-safe
/home/andres/agrobot/install/modelo_robot/lib/python3.10/site-packages/modelo_robot-0.0.0-py3.10.egg-info/requires.txt
/home/andres/agrobot/install/modelo_robot/lib/python3.10/site-packages/modelo_robot-0.0.0-py3.10.egg-info/dependency_links.txt
/home/andres/agrobot/install/modelo_robot/lib/python3.10/site-packages/modelo_robot-0.0.0-py3.10.egg-info/top_level.txt
/home/andres/agrobot/install/modelo_robot/lib/python3.10/site-packages/modelo_robot-0.0.0-py3.10.egg-info/entry_points.txt
