running egg_info
creating ../../build/modelo_robot/modelo_robot.egg-info
writing ../../build/modelo_robot/modelo_robot.egg-info/PKG-INFO
writing dependency_links to ../../build/modelo_robot/modelo_robot.egg-info/dependency_links.txt
writing entry points to ../../build/modelo_robot/modelo_robot.egg-info/entry_points.txt
writing requirements to ../../build/modelo_robot/modelo_robot.egg-info/requires.txt
writing top-level names to ../../build/modelo_robot/modelo_robot.egg-info/top_level.txt
writing manifest file '../../build/modelo_robot/modelo_robot.egg-info/SOURCES.txt'
reading manifest file '../../build/modelo_robot/modelo_robot.egg-info/SOURCES.txt'
writing manifest file '../../build/modelo_robot/modelo_robot.egg-info/SOURCES.txt'
running build
running build_py
creating /home/andres/agrobot/build/modelo_robot/build
creating /home/andres/agrobot/build/modelo_robot/build/lib
creating /home/andres/agrobot/build/modelo_robot/build/lib/modelo_robot
copying modelo_robot/__init__.py -> /home/andres/agrobot/build/modelo_robot/build/lib/modelo_robot
running install
/usr/lib/python3/dist-packages/setuptools/command/install.py:34: SetuptoolsDeprecationWarning: setup.py install is deprecated. Use build and pip and other standards-based tools.
  warnings.warn(
running install_lib
creating /home/andres/agrobot/install/modelo_robot/lib/python3.10/site-packages/modelo_robot
copying /home/andres/agrobot/build/modelo_robot/build/lib/modelo_robot/__init__.py -> /home/andres/agrobot/install/modelo_robot/lib/python3.10/site-packages/modelo_robot
byte-compiling /home/andres/agrobot/install/modelo_robot/lib/python3.10/site-packages/modelo_robot/__init__.py to __init__.cpython-310.pyc
running install_data
creating /home/andres/agrobot/install/modelo_robot/share/ament_index
creating /home/andres/agrobot/install/modelo_robot/share/ament_index/resource_index
creating /home/andres/agrobot/install/modelo_robot/share/ament_index/resource_index/packages
copying resource/modelo_robot -> /home/andres/agrobot/install/modelo_robot/share/ament_index/resource_index/packages
copying package.xml -> /home/andres/agrobot/install/modelo_robot/share/modelo_robot
creating /home/andres/agrobot/install/modelo_robot/share/modelo_robot/urdf
copying urdf/Ensamblaje_carro.urdf -> /home/andres/agrobot/install/modelo_robot/share/modelo_robot/urdf
creating /home/andres/agrobot/install/modelo_robot/share/modelo_robot/launch
copying launch/gazebo.launch.py -> /home/andres/agrobot/install/modelo_robot/share/modelo_robot/launch
copying launch/display.launch.py -> /home/andres/agrobot/install/modelo_robot/share/modelo_robot/launch
creating /home/andres/agrobot/install/modelo_robot/share/modelo_robot/meshes
copying meshes/rueda_der_delantera_link.STL -> /home/andres/agrobot/install/modelo_robot/share/modelo_robot/meshes
copying meshes/rueda_izq_delantera_link.STL -> /home/andres/agrobot/install/modelo_robot/share/modelo_robot/meshes
copying meshes/rueda_der_trasera_link.STL -> /home/andres/agrobot/install/modelo_robot/share/modelo_robot/meshes
copying meshes/base_link.STL -> /home/andres/agrobot/install/modelo_robot/share/modelo_robot/meshes
copying meshes/apersor_link.STL -> /home/andres/agrobot/install/modelo_robot/share/modelo_robot/meshes
copying meshes/rueda_izq_trasera_link.STL -> /home/andres/agrobot/install/modelo_robot/share/modelo_robot/meshes
running install_egg_info
Copying ../../build/modelo_robot/modelo_robot.egg-info to /home/andres/agrobot/install/modelo_robot/lib/python3.10/site-packages/modelo_robot-0.0.0-py3.10.egg-info
running install_scripts
writing list of installed files to '/home/andres/agrobot/build/modelo_robot/install.log'
