[0.394s] Invoking command in '/home/andres/agrobot/src/modelo_robot': PYTHONPATH=/home/andres/agrobot/build/modelo_robot/prefix_override:/home/andres/agrobot/install/modelo_robot/lib/python3.10/site-packages:${PYTHONPATH} /usr/bin/python3 setup.py egg_info --egg-base ../../build/modelo_robot build --build-base /home/andres/agrobot/build/modelo_robot/build install --record /home/andres/agrobot/build/modelo_robot/install.log --single-version-externally-managed
[0.546s] running egg_info
[0.546s] creating ../../build/modelo_robot/modelo_robot.egg-info
[0.546s] writing ../../build/modelo_robot/modelo_robot.egg-info/PKG-INFO
[0.547s] writing dependency_links to ../../build/modelo_robot/modelo_robot.egg-info/dependency_links.txt
[0.547s] writing entry points to ../../build/modelo_robot/modelo_robot.egg-info/entry_points.txt
[0.547s] writing requirements to ../../build/modelo_robot/modelo_robot.egg-info/requires.txt
[0.547s] writing top-level names to ../../build/modelo_robot/modelo_robot.egg-info/top_level.txt
[0.547s] writing manifest file '../../build/modelo_robot/modelo_robot.egg-info/SOURCES.txt'
[0.548s] reading manifest file '../../build/modelo_robot/modelo_robot.egg-info/SOURCES.txt'
[0.548s] writing manifest file '../../build/modelo_robot/modelo_robot.egg-info/SOURCES.txt'
[0.548s] running build
[0.548s] running build_py
[0.548s] creating /home/andres/agrobot/build/modelo_robot/build
[0.548s] creating /home/andres/agrobot/build/modelo_robot/build/lib
[0.549s] creating /home/andres/agrobot/build/modelo_robot/build/lib/modelo_robot
[0.549s] copying modelo_robot/__init__.py -> /home/andres/agrobot/build/modelo_robot/build/lib/modelo_robot
[0.549s] running install
[0.549s] /usr/lib/python3/dist-packages/setuptools/command/install.py:34: SetuptoolsDeprecationWarning: setup.py install is deprecated. Use build and pip and other standards-based tools.
[0.549s]   warnings.warn(
[0.549s] running install_lib
[0.549s] creating /home/andres/agrobot/install/modelo_robot/lib/python3.10/site-packages/modelo_robot
[0.549s] copying /home/andres/agrobot/build/modelo_robot/build/lib/modelo_robot/__init__.py -> /home/andres/agrobot/install/modelo_robot/lib/python3.10/site-packages/modelo_robot
[0.550s] byte-compiling /home/andres/agrobot/install/modelo_robot/lib/python3.10/site-packages/modelo_robot/__init__.py to __init__.cpython-310.pyc
[0.550s] running install_data
[0.550s] creating /home/andres/agrobot/install/modelo_robot/share/ament_index
[0.550s] creating /home/andres/agrobot/install/modelo_robot/share/ament_index/resource_index
[0.550s] creating /home/andres/agrobot/install/modelo_robot/share/ament_index/resource_index/packages
[0.550s] copying resource/modelo_robot -> /home/andres/agrobot/install/modelo_robot/share/ament_index/resource_index/packages
[0.550s] copying package.xml -> /home/andres/agrobot/install/modelo_robot/share/modelo_robot
[0.550s] creating /home/andres/agrobot/install/modelo_robot/share/modelo_robot/urdf
[0.551s] copying urdf/Ensamblaje_carro.urdf -> /home/andres/agrobot/install/modelo_robot/share/modelo_robot/urdf
[0.551s] creating /home/andres/agrobot/install/modelo_robot/share/modelo_robot/launch
[0.551s] copying launch/gazebo.launch.py -> /home/andres/agrobot/install/modelo_robot/share/modelo_robot/launch
[0.551s] copying launch/display.launch.py -> /home/andres/agrobot/install/modelo_robot/share/modelo_robot/launch
[0.551s] creating /home/andres/agrobot/install/modelo_robot/share/modelo_robot/meshes
[0.551s] copying meshes/rueda_der_delantera_link.STL -> /home/andres/agrobot/install/modelo_robot/share/modelo_robot/meshes
[0.551s] copying meshes/rueda_izq_delantera_link.STL -> /home/andres/agrobot/install/modelo_robot/share/modelo_robot/meshes
[0.551s] copying meshes/rueda_der_trasera_link.STL -> /home/andres/agrobot/install/modelo_robot/share/modelo_robot/meshes
[0.551s] copying meshes/base_link.STL -> /home/andres/agrobot/install/modelo_robot/share/modelo_robot/meshes
[0.551s] copying meshes/apersor_link.STL -> /home/andres/agrobot/install/modelo_robot/share/modelo_robot/meshes
[0.551s] copying meshes/rueda_izq_trasera_link.STL -> /home/andres/agrobot/install/modelo_robot/share/modelo_robot/meshes
[0.551s] running install_egg_info
[0.552s] Copying ../../build/modelo_robot/modelo_robot.egg-info to /home/andres/agrobot/install/modelo_robot/lib/python3.10/site-packages/modelo_robot-0.0.0-py3.10.egg-info
[0.553s] running install_scripts
[0.567s] writing list of installed files to '/home/andres/agrobot/build/modelo_robot/install.log'
[0.584s] Invoked command in '/home/andres/agrobot/src/modelo_robot' returned '0': PYTHONPATH=/home/andres/agrobot/build/modelo_robot/prefix_override:/home/andres/agrobot/install/modelo_robot/lib/python3.10/site-packages:${PYTHONPATH} /usr/bin/python3 setup.py egg_info --egg-base ../../build/modelo_robot build --build-base /home/andres/agrobot/build/modelo_robot/build install --record /home/andres/agrobot/build/modelo_robot/install.log --single-version-externally-managed
